2025-10-08T10:06:49: 
2025-10-08T10:06:49: > stepperslife@0.1.0 start
2025-10-08T10:06:49: > PORT=3001 next start -p 3001
2025-10-08T10:06:49: 
2025-10-08T10:06:49: 
2025-10-08T10:06:49: > stepperslife@0.1.0 start
2025-10-08T10:06:49: > PORT=3001 next start -p 3001
2025-10-08T10:06:49: 
2025-10-08T10:06:50: 
2025-10-08T10:06:50: > stepperslife@0.1.0 start
2025-10-08T10:06:50: > PORT=3001 next start -p 3001
2025-10-08T10:06:50: 
2025-10-08T10:06:50: 
2025-10-08T10:06:50: > stepperslife@0.1.0 start
2025-10-08T10:06:50: > PORT=3001 next start -p 3001
2025-10-08T10:06:50: 
2025-10-08T10:06:50: 
2025-10-08T10:06:50: > stepperslife@0.1.0 start
2025-10-08T10:06:50: > PORT=3001 next start -p 3001
2025-10-08T10:06:50: 
2025-10-08T10:06:51: 
2025-10-08T10:06:51: > stepperslife@0.1.0 start
2025-10-08T10:06:51: > PORT=3001 next start -p 3001
2025-10-08T10:06:51: 
2025-10-08T10:06:51: 
2025-10-08T10:06:51: > stepperslife@0.1.0 start
2025-10-08T10:06:51: > PORT=3001 next start -p 3001
2025-10-08T10:06:51: 
2025-10-08T10:06:52: 
2025-10-08T10:06:52: > stepperslife@0.1.0 start
2025-10-08T10:06:52: > PORT=3001 next start -p 3001
2025-10-08T10:06:52: 
2025-10-08T10:06:52: 
2025-10-08T10:06:52: > stepperslife@0.1.0 start
2025-10-08T10:06:52: > PORT=3001 next start -p 3001
2025-10-08T10:06:52: 
2025-10-08T10:06:53: 
2025-10-08T10:06:53: > stepperslife@0.1.0 start
2025-10-08T10:06:53: > PORT=3001 next start -p 3001
2025-10-08T10:06:53: 
2025-10-08T10:06:53: 
2025-10-08T10:06:53: > stepperslife@0.1.0 start
2025-10-08T10:06:53: > PORT=3001 next start -p 3001
2025-10-08T10:06:53: 
2025-10-08T10:06:54: 
2025-10-08T10:06:54: > stepperslife@0.1.0 start
2025-10-08T10:06:54: > PORT=3001 next start -p 3001
2025-10-08T10:06:54: 
2025-10-08T10:06:54: 
2025-10-08T10:06:54: > stepperslife@0.1.0 start
2025-10-08T10:06:54: > PORT=3001 next start -p 3001
2025-10-08T10:06:54: 
2025-10-08T10:06:55: 
2025-10-08T10:06:55: > stepperslife@0.1.0 start
2025-10-08T10:06:55: > PORT=3001 next start -p 3001
2025-10-08T10:06:55: 
2025-10-08T10:06:55: 
2025-10-08T10:06:55: > stepperslife@0.1.0 start
2025-10-08T10:06:55: > PORT=3001 next start -p 3001
2025-10-08T10:06:55: 
2025-10-08T10:06:55: 
2025-10-08T10:06:55: > stepperslife@0.1.0 start
2025-10-08T10:06:55: > PORT=3001 next start -p 3001
2025-10-08T10:06:55: 
2025-10-08T10:07:18: 
2025-10-08T10:07:18: > stepperslife@0.1.0 start
2025-10-08T10:07:18: > PORT=3001 next start -p 3001
2025-10-08T10:07:18: 
2025-10-08T10:07:18:    ▲ Next.js 15.0.3
2025-10-08T10:07:18:    - Local:        http://localhost:3001
2025-10-08T10:07:18: 
2025-10-08T10:07:18:  ✓ Starting...
2025-10-08T10:07:19:  ✓ Ready in 585ms
2025-10-08T17:02:48: 
2025-10-08T17:02:48: > stepperslife@0.1.0 start
2025-10-08T17:02:48: > PORT=3001 next start -p 3001
2025-10-08T17:02:48: 
2025-10-08T17:02:49:    ▲ Next.js 15.0.3
2025-10-08T17:02:49:    - Local:        http://localhost:3001
2025-10-08T17:02:49: 
2025-10-08T17:02:49:  ✓ Starting...
2025-10-08T17:02:49:  ✓ Ready in 509ms
2025-10-09T08:38:19: 
2025-10-09T08:38:19: > stepperslife@0.1.0 start
2025-10-09T08:38:19: > PORT=3001 next start -p 3001
2025-10-09T08:38:19: 
2025-10-09T08:38:19:    ▲ Next.js 15.0.3
2025-10-09T08:38:19:    - Local:        http://localhost:3001
2025-10-09T08:38:19: 
2025-10-09T08:38:19:  ✓ Starting...
2025-10-09T08:38:20:  ✓ Ready in 605ms
2025-10-09T08:55:12: 
2025-10-09T08:55:12: > stepperslife@0.1.0 start
2025-10-09T08:55:12: > PORT=3001 next start -p 3001
2025-10-09T08:55:12: 
2025-10-09T08:55:12:    ▲ Next.js 15.0.3
2025-10-09T08:55:12:    - Local:        http://localhost:3001
2025-10-09T08:55:12: 
2025-10-09T08:55:12:  ✓ Starting...
2025-10-09T08:55:12:  ✓ Ready in 366ms
2025-10-09T09:01:29: 
2025-10-09T09:01:29: > stepperslife@0.1.0 start
2025-10-09T09:01:29: > PORT=3001 next start -p 3001
2025-10-09T09:01:29: 
2025-10-09T09:01:29:    ▲ Next.js 15.0.3
2025-10-09T09:01:29:    - Local:        http://localhost:3001
2025-10-09T09:01:29: 
2025-10-09T09:01:29:  ✓ Starting...
2025-10-09T09:01:29:  ✓ Ready in 371ms
2025-10-09T09:03:43: 
2025-10-09T09:03:43: > stepperslife@0.1.0 start
2025-10-09T09:03:43: > PORT=3001 next start -p 3001
2025-10-09T09:03:43: 
2025-10-09T09:03:43:    ▲ Next.js 15.0.3
2025-10-09T09:03:43:    - Local:        http://localhost:3001
2025-10-09T09:03:43: 
2025-10-09T09:03:43:  ✓ Starting...
2025-10-09T09:03:43:  ✓ Ready in 362ms
2025-10-09T09:14:51: 
2025-10-09T09:14:51: > stepperslife@0.1.0 start
2025-10-09T09:14:51: > PORT=3001 next start -p 3001
2025-10-09T09:14:51: 
2025-10-09T09:14:51:    ▲ Next.js 15.0.3
2025-10-09T09:14:51:    - Local:        http://localhost:3001
2025-10-09T09:14:51: 
2025-10-09T09:14:51:  ✓ Starting...
2025-10-09T09:14:52:  ✓ Ready in 399ms
2025-10-09T09:30:45: 
2025-10-09T09:30:45: > stepperslife@0.1.0 start
2025-10-09T09:30:45: > PORT=3001 next start -p 3001
2025-10-09T09:30:45: 
2025-10-09T09:30:46:    ▲ Next.js 15.0.3
2025-10-09T09:30:46:    - Local:        http://localhost:3001
2025-10-09T09:30:46: 
2025-10-09T09:30:46:  ✓ Starting...
2025-10-09T09:30:46:  ✓ Ready in 366ms
2025-10-09T09:56:08: 
2025-10-09T09:56:08: > stepperslife@0.1.0 start
2025-10-09T09:56:08: > PORT=3001 next start -p 3001
2025-10-09T09:56:08: 
2025-10-09T09:56:08:    ▲ Next.js 15.0.3
2025-10-09T09:56:08:    - Local:        http://localhost:3001
2025-10-09T09:56:08: 
2025-10-09T09:56:08:  ✓ Starting...
2025-10-09T09:56:08:  ✓ Ready in 422ms
2025-10-09T10:47:11: 
2025-10-09T10:47:11: > stepperslife@0.1.0 start
2025-10-09T10:47:11: > PORT=3001 next start -p 3001
2025-10-09T10:47:11: 
2025-10-09T10:47:12:    ▲ Next.js 15.0.3
2025-10-09T10:47:12:    - Local:        http://localhost:3001
2025-10-09T10:47:12: 
2025-10-09T10:47:12:  ✓ Starting...
2025-10-09T10:47:12:  ✓ Ready in 387ms
2025-10-09T11:35:06: 
2025-10-09T11:35:06: > stepperslife@0.1.0 start
2025-10-09T11:35:06: > PORT=3001 next start -p 3001
2025-10-09T11:35:06: 
2025-10-09T11:35:07: 
2025-10-09T11:35:07: > stepperslife@0.1.0 start
2025-10-09T11:35:07: > PORT=3001 next start -p 3001
2025-10-09T11:35:07: 
2025-10-09T11:35:07: 
2025-10-09T11:35:07: > stepperslife@0.1.0 start
2025-10-09T11:35:07: > PORT=3001 next start -p 3001
2025-10-09T11:35:07: 
2025-10-09T11:35:07: 
2025-10-09T11:35:07: > stepperslife@0.1.0 start
2025-10-09T11:35:07: > PORT=3001 next start -p 3001
2025-10-09T11:35:07: 
2025-10-09T11:35:08: 
2025-10-09T11:35:08: > stepperslife@0.1.0 start
2025-10-09T11:35:08: > PORT=3001 next start -p 3001
2025-10-09T11:35:08: 
2025-10-09T11:35:08: 
2025-10-09T11:35:08: > stepperslife@0.1.0 start
2025-10-09T11:35:08: > PORT=3001 next start -p 3001
2025-10-09T11:35:08: 
2025-10-09T11:35:09: 
2025-10-09T11:35:09: > stepperslife@0.1.0 start
2025-10-09T11:35:09: > PORT=3001 next start -p 3001
2025-10-09T11:35:09: 
2025-10-09T11:35:09: 
2025-10-09T11:35:09: > stepperslife@0.1.0 start
2025-10-09T11:35:09: > PORT=3001 next start -p 3001
2025-10-09T11:35:09: 
2025-10-09T11:35:10: 
2025-10-09T11:35:10: > stepperslife@0.1.0 start
2025-10-09T11:35:10: > PORT=3001 next start -p 3001
2025-10-09T11:35:10: 
2025-10-09T11:35:10: 
2025-10-09T11:35:10: > stepperslife@0.1.0 start
2025-10-09T11:35:10: > PORT=3001 next start -p 3001
2025-10-09T11:35:10: 
2025-10-09T11:35:11: 
2025-10-09T11:35:11: > stepperslife@0.1.0 start
2025-10-09T11:35:11: > PORT=3001 next start -p 3001
2025-10-09T11:35:11: 
2025-10-09T11:35:11: 
2025-10-09T11:35:11: > stepperslife@0.1.0 start
2025-10-09T11:35:11: > PORT=3001 next start -p 3001
2025-10-09T11:35:11: 
2025-10-09T11:35:11: 
2025-10-09T11:35:11: > stepperslife@0.1.0 start
2025-10-09T11:35:11: > PORT=3001 next start -p 3001
2025-10-09T11:35:11: 
2025-10-09T11:35:12: 
2025-10-09T11:35:12: > stepperslife@0.1.0 start
2025-10-09T11:35:12: > PORT=3001 next start -p 3001
2025-10-09T11:35:12: 
2025-10-09T11:35:12: 
2025-10-09T11:35:12: > stepperslife@0.1.0 start
2025-10-09T11:35:12: > PORT=3001 next start -p 3001
2025-10-09T11:35:12: 
2025-10-09T11:35:13: 
2025-10-09T11:35:13: > stepperslife@0.1.0 start
2025-10-09T11:35:13: > PORT=3001 next start -p 3001
2025-10-09T11:35:13: 
2025-10-09T11:39:00: 
2025-10-09T11:39:00: > stepperslife@0.1.0 start
2025-10-09T11:39:00: > PORT=3001 next start -p 3001
2025-10-09T11:39:00: 
2025-10-09T11:39:01: 
2025-10-09T11:39:01: > stepperslife@0.1.0 start
2025-10-09T11:39:01: > PORT=3001 next start -p 3001
2025-10-09T11:39:01: 
2025-10-09T11:39:02: 
2025-10-09T11:39:02: > stepperslife@0.1.0 start
2025-10-09T11:39:02: > PORT=3001 next start -p 3001
2025-10-09T11:39:02: 
2025-10-09T11:39:02: 
2025-10-09T11:39:02: > stepperslife@0.1.0 start
2025-10-09T11:39:02: > PORT=3001 next start -p 3001
2025-10-09T11:39:02: 
2025-10-09T11:39:03: 
2025-10-09T11:39:03: > stepperslife@0.1.0 start
2025-10-09T11:39:03: > PORT=3001 next start -p 3001
2025-10-09T11:39:03: 
2025-10-09T11:39:03: 
2025-10-09T11:39:03: > stepperslife@0.1.0 start
2025-10-09T11:39:03: > PORT=3001 next start -p 3001
2025-10-09T11:39:03: 
2025-10-09T11:39:03: 
2025-10-09T11:39:03: > stepperslife@0.1.0 start
2025-10-09T11:39:03: > PORT=3001 next start -p 3001
2025-10-09T11:39:03: 
2025-10-09T11:39:04: 
2025-10-09T11:39:04: > stepperslife@0.1.0 start
2025-10-09T11:39:04: > PORT=3001 next start -p 3001
2025-10-09T11:39:04: 
2025-10-09T11:39:04: 
2025-10-09T11:39:04: > stepperslife@0.1.0 start
2025-10-09T11:39:04: > PORT=3001 next start -p 3001
2025-10-09T11:39:04: 
2025-10-09T11:39:05: 
2025-10-09T11:39:05: > stepperslife@0.1.0 start
2025-10-09T11:39:05: > PORT=3001 next start -p 3001
2025-10-09T11:39:05: 
2025-10-09T11:39:05: 
2025-10-09T11:39:05: > stepperslife@0.1.0 start
2025-10-09T11:39:05: > PORT=3001 next start -p 3001
2025-10-09T11:39:05: 
2025-10-09T11:39:06: 
2025-10-09T11:39:06: > stepperslife@0.1.0 start
2025-10-09T11:39:06: > PORT=3001 next start -p 3001
2025-10-09T11:39:06: 
2025-10-09T11:39:06: 
2025-10-09T11:39:06: > stepperslife@0.1.0 start
2025-10-09T11:39:06: > PORT=3001 next start -p 3001
2025-10-09T11:39:06: 
2025-10-09T11:39:06: 
2025-10-09T11:39:06: > stepperslife@0.1.0 start
2025-10-09T11:39:06: > PORT=3001 next start -p 3001
2025-10-09T11:39:06: 
2025-10-09T11:39:07: 
2025-10-09T11:39:07: > stepperslife@0.1.0 start
2025-10-09T11:39:07: > PORT=3001 next start -p 3001
2025-10-09T11:39:07: 
2025-10-09T11:39:07: 
2025-10-09T11:39:07: > stepperslife@0.1.0 start
2025-10-09T11:39:07: > PORT=3001 next start -p 3001
2025-10-09T11:39:07: 
2025-10-09T11:42:11: 
2025-10-09T11:42:11: > stepperslife@0.1.0 start
2025-10-09T11:42:11: > PORT=3001 next start -p 3001
2025-10-09T11:42:11: 
2025-10-09T11:42:12: 
2025-10-09T11:42:12: > stepperslife@0.1.0 start
2025-10-09T11:42:12: > PORT=3001 next start -p 3001
2025-10-09T11:42:12: 
2025-10-09T11:42:12: 
2025-10-09T11:42:12: > stepperslife@0.1.0 start
2025-10-09T11:42:12: > PORT=3001 next start -p 3001
2025-10-09T11:42:12: 
2025-10-09T11:42:13: 
2025-10-09T11:42:13: > stepperslife@0.1.0 start
2025-10-09T11:42:13: > PORT=3001 next start -p 3001
2025-10-09T11:42:13: 
2025-10-09T11:42:13: 
2025-10-09T11:42:13: > stepperslife@0.1.0 start
2025-10-09T11:42:13: > PORT=3001 next start -p 3001
2025-10-09T11:42:13: 
2025-10-09T11:42:14: 
2025-10-09T11:42:14: > stepperslife@0.1.0 start
2025-10-09T11:42:14: > PORT=3001 next start -p 3001
2025-10-09T11:42:14: 
2025-10-09T11:42:14: 
2025-10-09T11:42:14: > stepperslife@0.1.0 start
2025-10-09T11:42:14: > PORT=3001 next start -p 3001
2025-10-09T11:42:14: 
2025-10-09T11:42:14: 
2025-10-09T11:42:14: > stepperslife@0.1.0 start
2025-10-09T11:42:14: > PORT=3001 next start -p 3001
2025-10-09T11:42:14: 
2025-10-09T11:42:15: 
2025-10-09T11:42:15: > stepperslife@0.1.0 start
2025-10-09T11:42:15: > PORT=3001 next start -p 3001
2025-10-09T11:42:15: 
2025-10-09T11:42:15: 
2025-10-09T11:42:15: > stepperslife@0.1.0 start
2025-10-09T11:42:15: > PORT=3001 next start -p 3001
2025-10-09T11:42:15: 
2025-10-09T11:42:16: 
2025-10-09T11:42:16: > stepperslife@0.1.0 start
2025-10-09T11:42:16: > PORT=3001 next start -p 3001
2025-10-09T11:42:16: 
2025-10-09T11:42:16: 
2025-10-09T11:42:16: > stepperslife@0.1.0 start
2025-10-09T11:42:16: > PORT=3001 next start -p 3001
2025-10-09T11:42:16: 
2025-10-09T11:42:17: 
2025-10-09T11:42:17: > stepperslife@0.1.0 start
2025-10-09T11:42:17: > PORT=3001 next start -p 3001
2025-10-09T11:42:17: 
2025-10-09T11:42:17: 
2025-10-09T11:42:17: > stepperslife@0.1.0 start
2025-10-09T11:42:17: > PORT=3001 next start -p 3001
2025-10-09T11:42:17: 
2025-10-09T11:42:17: 
2025-10-09T11:42:17: > stepperslife@0.1.0 start
2025-10-09T11:42:17: > PORT=3001 next start -p 3001
2025-10-09T11:42:17: 
2025-10-09T11:42:18: 
2025-10-09T11:42:18: > stepperslife@0.1.0 start
2025-10-09T11:42:18: > PORT=3001 next start -p 3001
2025-10-09T11:42:18: 
